<?xml version="1.0" encoding="UTF-8"?>
<!-- Generated by org.testng.reporters.JUnitReportReporter -->
<testsuite skipped="1" hostname="admin-PC" name="com.w2a.testcases.OpenAccountTest" tests="1" failures="0" timestamp="25 Aug 2019 09:40:20 GMT" time="0.000" errors="0">
  <testcase name="openAccountTest" time="0.000" classname="com.w2a.testcases.OpenAccountTest">
    <skipped/>
  </testcase> <!-- openAccountTest -->
</testsuite> <!-- com.w2a.testcases.OpenAccountTest -->
