<?xml version="1.0" encoding="UTF-8"?>
<!-- Generated by org.testng.reporters.JUnitReportReporter -->
<testsuite skipped="0" hostname="admin-PC" name="com.w2a.testcases.BankManagerLoginTest" tests="1" failures="0" timestamp="25 Aug 2019 09:40:20 GMT" time="4.586" errors="0">
  <testcase name="bankManagerLoginTest" time="4.586" classname="com.w2a.testcases.BankManagerLoginTest"/>
</testsuite> <!-- com.w2a.testcases.BankManagerLoginTest -->
